Started GET "/" for 127.0.0.1 at 2017-07-23 16:42:11 +0200
  
ActiveRecord::PendingMigrationError (

Migrations are pending. To resolve this issue, run:

        bin/rails db:migrate RAILS_ENV=development

):
  
activerecord (5.1.2) lib/active_record/migration.rb:576:in `check_pending!'
activerecord (5.1.2) lib/active_record/migration.rb:553:in `call'
actionpack (5.1.2) lib/action_dispatch/middleware/callbacks.rb:26:in `block in call'
activesupport (5.1.2) lib/active_support/callbacks.rb:97:in `run_callbacks'
actionpack (5.1.2) lib/action_dispatch/middleware/callbacks.rb:24:in `call'
actionpack (5.1.2) lib/action_dispatch/middleware/executor.rb:12:in `call'
actionpack (5.1.2) lib/action_dispatch/middleware/debug_exceptions.rb:59:in `call'
web-console (3.5.1) lib/web_console/middleware.rb:135:in `call_app'
web-console (3.5.1) lib/web_console/middleware.rb:28:in `block in call'
web-console (3.5.1) lib/web_console/middleware.rb:18:in `catch'
web-console (3.5.1) lib/web_console/middleware.rb:18:in `call'
actionpack (5.1.2) lib/action_dispatch/middleware/show_exceptions.rb:31:in `call'
railties (5.1.2) lib/rails/rack/logger.rb:36:in `call_app'
railties (5.1.2) lib/rails/rack/logger.rb:24:in `block in call'
activesupport (5.1.2) lib/active_support/tagged_logging.rb:69:in `block in tagged'
activesupport (5.1.2) lib/active_support/tagged_logging.rb:26:in `tagged'
activesupport (5.1.2) lib/active_support/tagged_logging.rb:69:in `tagged'
railties (5.1.2) lib/rails/rack/logger.rb:24:in `call'
sprockets-rails (3.2.0) lib/sprockets/rails/quiet_assets.rb:13:in `call'
actionpack (5.1.2) lib/action_dispatch/middleware/remote_ip.rb:79:in `call'
actionpack (5.1.2) lib/action_dispatch/middleware/request_id.rb:25:in `call'
rack (2.0.3) lib/rack/method_override.rb:22:in `call'
rack (2.0.3) lib/rack/runtime.rb:22:in `call'
activesupport (5.1.2) lib/active_support/cache/strategy/local_cache_middleware.rb:27:in `call'
actionpack (5.1.2) lib/action_dispatch/middleware/executor.rb:12:in `call'
actionpack (5.1.2) lib/action_dispatch/middleware/static.rb:125:in `call'
rack (2.0.3) lib/rack/sendfile.rb:111:in `call'
railties (5.1.2) lib/rails/engine.rb:522:in `call'
puma (3.9.1) lib/puma/configuration.rb:224:in `call'
puma (3.9.1) lib/puma/server.rb:602:in `handle_request'
puma (3.9.1) lib/puma/server.rb:435:in `process_client'
puma (3.9.1) lib/puma/server.rb:299:in `block in run'
puma (3.9.1) lib/puma/thread_pool.rb:120:in `block in spawn_thread'
Started GET "/" for 127.0.0.1 at 2017-07-23 16:42:25 +0200
  
ActiveRecord::PendingMigrationError (

Migrations are pending. To resolve this issue, run:

        bin/rails db:migrate RAILS_ENV=development

):
  
activerecord (5.1.2) lib/active_record/migration.rb:576:in `check_pending!'
activerecord (5.1.2) lib/active_record/migration.rb:553:in `call'
actionpack (5.1.2) lib/action_dispatch/middleware/callbacks.rb:26:in `block in call'
activesupport (5.1.2) lib/active_support/callbacks.rb:97:in `run_callbacks'
actionpack (5.1.2) lib/action_dispatch/middleware/callbacks.rb:24:in `call'
actionpack (5.1.2) lib/action_dispatch/middleware/executor.rb:12:in `call'
actionpack (5.1.2) lib/action_dispatch/middleware/debug_exceptions.rb:59:in `call'
web-console (3.5.1) lib/web_console/middleware.rb:135:in `call_app'
web-console (3.5.1) lib/web_console/middleware.rb:28:in `block in call'
web-console (3.5.1) lib/web_console/middleware.rb:18:in `catch'
web-console (3.5.1) lib/web_console/middleware.rb:18:in `call'
actionpack (5.1.2) lib/action_dispatch/middleware/show_exceptions.rb:31:in `call'
railties (5.1.2) lib/rails/rack/logger.rb:36:in `call_app'
railties (5.1.2) lib/rails/rack/logger.rb:24:in `block in call'
activesupport (5.1.2) lib/active_support/tagged_logging.rb:69:in `block in tagged'
activesupport (5.1.2) lib/active_support/tagged_logging.rb:26:in `tagged'
activesupport (5.1.2) lib/active_support/tagged_logging.rb:69:in `tagged'
railties (5.1.2) lib/rails/rack/logger.rb:24:in `call'
sprockets-rails (3.2.0) lib/sprockets/rails/quiet_assets.rb:13:in `call'
actionpack (5.1.2) lib/action_dispatch/middleware/remote_ip.rb:79:in `call'
actionpack (5.1.2) lib/action_dispatch/middleware/request_id.rb:25:in `call'
rack (2.0.3) lib/rack/method_override.rb:22:in `call'
rack (2.0.3) lib/rack/runtime.rb:22:in `call'
activesupport (5.1.2) lib/active_support/cache/strategy/local_cache_middleware.rb:27:in `call'
actionpack (5.1.2) lib/action_dispatch/middleware/executor.rb:12:in `call'
actionpack (5.1.2) lib/action_dispatch/middleware/static.rb:125:in `call'
rack (2.0.3) lib/rack/sendfile.rb:111:in `call'
railties (5.1.2) lib/rails/engine.rb:522:in `call'
puma (3.9.1) lib/puma/configuration.rb:224:in `call'
puma (3.9.1) lib/puma/server.rb:602:in `handle_request'
puma (3.9.1) lib/puma/server.rb:435:in `process_client'
puma (3.9.1) lib/puma/server.rb:299:in `block in run'
puma (3.9.1) lib/puma/thread_pool.rb:120:in `block in spawn_thread'
Started GET "/" for 127.0.0.1 at 2017-07-23 16:42:26 +0200
  
ActiveRecord::PendingMigrationError (

Migrations are pending. To resolve this issue, run:

        bin/rails db:migrate RAILS_ENV=development

):
  
activerecord (5.1.2) lib/active_record/migration.rb:576:in `check_pending!'
activerecord (5.1.2) lib/active_record/migration.rb:553:in `call'
actionpack (5.1.2) lib/action_dispatch/middleware/callbacks.rb:26:in `block in call'
activesupport (5.1.2) lib/active_support/callbacks.rb:97:in `run_callbacks'
actionpack (5.1.2) lib/action_dispatch/middleware/callbacks.rb:24:in `call'
actionpack (5.1.2) lib/action_dispatch/middleware/executor.rb:12:in `call'
actionpack (5.1.2) lib/action_dispatch/middleware/debug_exceptions.rb:59:in `call'
web-console (3.5.1) lib/web_console/middleware.rb:135:in `call_app'
web-console (3.5.1) lib/web_console/middleware.rb:28:in `block in call'
web-console (3.5.1) lib/web_console/middleware.rb:18:in `catch'
web-console (3.5.1) lib/web_console/middleware.rb:18:in `call'
actionpack (5.1.2) lib/action_dispatch/middleware/show_exceptions.rb:31:in `call'
railties (5.1.2) lib/rails/rack/logger.rb:36:in `call_app'
railties (5.1.2) lib/rails/rack/logger.rb:24:in `block in call'
activesupport (5.1.2) lib/active_support/tagged_logging.rb:69:in `block in tagged'
activesupport (5.1.2) lib/active_support/tagged_logging.rb:26:in `tagged'
activesupport (5.1.2) lib/active_support/tagged_logging.rb:69:in `tagged'
railties (5.1.2) lib/rails/rack/logger.rb:24:in `call'
sprockets-rails (3.2.0) lib/sprockets/rails/quiet_assets.rb:13:in `call'
actionpack (5.1.2) lib/action_dispatch/middleware/remote_ip.rb:79:in `call'
actionpack (5.1.2) lib/action_dispatch/middleware/request_id.rb:25:in `call'
rack (2.0.3) lib/rack/method_override.rb:22:in `call'
rack (2.0.3) lib/rack/runtime.rb:22:in `call'
activesupport (5.1.2) lib/active_support/cache/strategy/local_cache_middleware.rb:27:in `call'
actionpack (5.1.2) lib/action_dispatch/middleware/executor.rb:12:in `call'
actionpack (5.1.2) lib/action_dispatch/middleware/static.rb:125:in `call'
rack (2.0.3) lib/rack/sendfile.rb:111:in `call'
railties (5.1.2) lib/rails/engine.rb:522:in `call'
puma (3.9.1) lib/puma/configuration.rb:224:in `call'
puma (3.9.1) lib/puma/server.rb:602:in `handle_request'
puma (3.9.1) lib/puma/server.rb:435:in `process_client'
puma (3.9.1) lib/puma/server.rb:299:in `block in run'
puma (3.9.1) lib/puma/thread_pool.rb:120:in `block in spawn_thread'
Started GET "/articles" for 127.0.0.1 at 2017-07-23 16:42:32 +0200
  
ActiveRecord::PendingMigrationError (

Migrations are pending. To resolve this issue, run:

        bin/rails db:migrate RAILS_ENV=development

):
  
activerecord (5.1.2) lib/active_record/migration.rb:576:in `check_pending!'
activerecord (5.1.2) lib/active_record/migration.rb:553:in `call'
actionpack (5.1.2) lib/action_dispatch/middleware/callbacks.rb:26:in `block in call'
activesupport (5.1.2) lib/active_support/callbacks.rb:97:in `run_callbacks'
actionpack (5.1.2) lib/action_dispatch/middleware/callbacks.rb:24:in `call'
actionpack (5.1.2) lib/action_dispatch/middleware/executor.rb:12:in `call'
actionpack (5.1.2) lib/action_dispatch/middleware/debug_exceptions.rb:59:in `call'
web-console (3.5.1) lib/web_console/middleware.rb:135:in `call_app'
web-console (3.5.1) lib/web_console/middleware.rb:28:in `block in call'
web-console (3.5.1) lib/web_console/middleware.rb:18:in `catch'
web-console (3.5.1) lib/web_console/middleware.rb:18:in `call'
actionpack (5.1.2) lib/action_dispatch/middleware/show_exceptions.rb:31:in `call'
railties (5.1.2) lib/rails/rack/logger.rb:36:in `call_app'
railties (5.1.2) lib/rails/rack/logger.rb:24:in `block in call'
activesupport (5.1.2) lib/active_support/tagged_logging.rb:69:in `block in tagged'
activesupport (5.1.2) lib/active_support/tagged_logging.rb:26:in `tagged'
activesupport (5.1.2) lib/active_support/tagged_logging.rb:69:in `tagged'
railties (5.1.2) lib/rails/rack/logger.rb:24:in `call'
sprockets-rails (3.2.0) lib/sprockets/rails/quiet_assets.rb:13:in `call'
actionpack (5.1.2) lib/action_dispatch/middleware/remote_ip.rb:79:in `call'
actionpack (5.1.2) lib/action_dispatch/middleware/request_id.rb:25:in `call'
rack (2.0.3) lib/rack/method_override.rb:22:in `call'
rack (2.0.3) lib/rack/runtime.rb:22:in `call'
activesupport (5.1.2) lib/active_support/cache/strategy/local_cache_middleware.rb:27:in `call'
actionpack (5.1.2) lib/action_dispatch/middleware/executor.rb:12:in `call'
actionpack (5.1.2) lib/action_dispatch/middleware/static.rb:125:in `call'
rack (2.0.3) lib/rack/sendfile.rb:111:in `call'
railties (5.1.2) lib/rails/engine.rb:522:in `call'
puma (3.9.1) lib/puma/configuration.rb:224:in `call'
puma (3.9.1) lib/puma/server.rb:602:in `handle_request'
puma (3.9.1) lib/puma/server.rb:435:in `process_client'
puma (3.9.1) lib/puma/server.rb:299:in `block in run'
puma (3.9.1) lib/puma/thread_pool.rb:120:in `block in spawn_thread'
  [1m[35m (0.1ms)[0m  [1m[34mSELECT sqlite_version(*)[0m
  [1m[35m (120.8ms)[0m  [1m[35mCREATE TABLE "schema_migrations" ("version" varchar NOT NULL PRIMARY KEY)[0m
  [1m[35m (77.6ms)[0m  [1m[35mCREATE TABLE "ar_internal_metadata" ("key" varchar NOT NULL PRIMARY KEY, "value" varchar, "created_at" datetime NOT NULL, "updated_at" datetime NOT NULL)[0m
  [1m[35m (0.1ms)[0m  [1m[34mSELECT "schema_migrations"."version" FROM "schema_migrations" ORDER BY "schema_migrations"."version" ASC[0m
Migrating to CreateArticles (20170722135200)
  [1m[35m (0.1ms)[0m  [1m[36mbegin transaction[0m
  [1m[35m (0.3ms)[0m  [1m[35mCREATE TABLE "articles" ("id" INTEGER PRIMARY KEY AUTOINCREMENT NOT NULL, "title" varchar, "body" text, "created_at" datetime NOT NULL, "updated_at" datetime NOT NULL)[0m
  [1m[35mSQL (0.2ms)[0m  [1m[32mINSERT INTO "schema_migrations" ("version") VALUES (?)[0m  [["version", "20170722135200"]]
  [1m[35m (75.7ms)[0m  [1m[36mcommit transaction[0m
  [1m[36mActiveRecord::InternalMetadata Load (0.1ms)[0m  [1m[34mSELECT  "ar_internal_metadata".* FROM "ar_internal_metadata" WHERE "ar_internal_metadata"."key" = ? LIMIT ?[0m  [["key", "environment"], ["LIMIT", 1]]
  [1m[35m (0.1ms)[0m  [1m[36mbegin transaction[0m
  [1m[35mSQL (0.2ms)[0m  [1m[32mINSERT INTO "ar_internal_metadata" ("key", "value", "created_at", "updated_at") VALUES (?, ?, ?, ?)[0m  [["key", "environment"], ["value", "development"], ["created_at", "2017-07-23 14:43:04.615160"], ["updated_at", "2017-07-23 14:43:04.615160"]]
  [1m[35m (44.1ms)[0m  [1m[36mcommit transaction[0m
  [1m[35m (0.1ms)[0m  [1m[34mSELECT "schema_migrations"."version" FROM "schema_migrations" ORDER BY "schema_migrations"."version" ASC[0m
Started GET "/articles" for 127.0.0.1 at 2017-07-23 16:43:12 +0200
  [1m[35m (0.5ms)[0m  [1m[34mSELECT "schema_migrations"."version" FROM "schema_migrations" ORDER BY "schema_migrations"."version" ASC[0m
Processing by ArticlesController#index as HTML
  Rendering articles/index.html.erb within layouts/application
  [1m[36mArticle Load (0.2ms)[0m  [1m[34mSELECT "articles".* FROM "articles"[0m
  Rendered articles/index.html.erb within layouts/application (4.5ms)
Completed 200 OK in 1339ms (Views: 1323.6ms | ActiveRecord: 0.6ms)


Started GET "/articles/new" for 127.0.0.1 at 2017-07-23 16:43:18 +0200
Processing by ArticlesController#new as HTML
  Rendering articles/new.html.erb within layouts/application
  Rendered articles/_form.html.erb (12.0ms)
  Rendered articles/new.html.erb within layouts/application (13.2ms)
Completed 200 OK in 49ms (Views: 41.9ms | ActiveRecord: 0.4ms)


Started POST "/articles" for 127.0.0.1 at 2017-07-23 16:43:23 +0200
Processing by ArticlesController#create as HTML
  Parameters: {"utf8"=>"✓", "authenticity_token"=>"kyvgUiAw1sRUHrKjXw3KhfFPlmoYrvSSJ1ypO+UcW67c7raUCvIYHksKpEoQEym7mCtmkj8jWNFC6Fh9WtTsHw==", "article"=>{"title"=>"a", "body"=>"ab"}, "commit"=>"Create Article"}
  [1m[35m (0.1ms)[0m  [1m[36mbegin transaction[0m
  [1m[35mSQL (1.9ms)[0m  [1m[32mINSERT INTO "articles" ("title", "body", "created_at", "updated_at") VALUES (?, ?, ?, ?)[0m  [["title", "a"], ["body", "ab"], ["created_at", "2017-07-23 14:43:23.222496"], ["updated_at", "2017-07-23 14:43:23.222496"]]
  [1m[35m (399.6ms)[0m  [1m[36mcommit transaction[0m
Redirected to http://localhost:3000/articles/1
Completed 302 Found in 406ms (ActiveRecord: 401.6ms)


Started GET "/articles/1" for 127.0.0.1 at 2017-07-23 16:43:23 +0200
Processing by ArticlesController#show as HTML
  Parameters: {"id"=>"1"}
  [1m[36mArticle Load (0.2ms)[0m  [1m[34mSELECT  "articles".* FROM "articles" WHERE "articles"."id" = ? LIMIT ?[0m  [["id", 1], ["LIMIT", 1]]
  Rendering articles/show.html.erb within layouts/application
  Rendered articles/show.html.erb within layouts/application (1.0ms)
Completed 200 OK in 45ms (Views: 37.6ms | ActiveRecord: 0.2ms)


Started GET "/articles" for 127.0.0.1 at 2017-07-23 16:43:26 +0200
Processing by ArticlesController#index as HTML
  Rendering articles/index.html.erb within layouts/application
  [1m[36mArticle Load (0.2ms)[0m  [1m[34mSELECT "articles".* FROM "articles"[0m
  Rendered articles/index.html.erb within layouts/application (2.0ms)
Completed 200 OK in 29ms (Views: 28.2ms | ActiveRecord: 0.2ms)


Started GET "/articles/new" for 127.0.0.1 at 2017-07-23 16:43:28 +0200
Processing by ArticlesController#new as HTML
  Rendering articles/new.html.erb within layouts/application
  Rendered articles/_form.html.erb (2.0ms)
  Rendered articles/new.html.erb within layouts/application (3.0ms)
Completed 200 OK in 44ms (Views: 43.0ms | ActiveRecord: 0.0ms)


Started POST "/articles" for 127.0.0.1 at 2017-07-23 16:43:34 +0200
Processing by ArticlesController#create as HTML
  Parameters: {"utf8"=>"✓", "authenticity_token"=>"U4npenFIxEgrMz432JwBKuai6EH9QBghq42d9p8ZXdgcTL+8W4oKkjQnKN6XguIUj8YYudrNtGLOOWywINHqaQ==", "article"=>{"title"=>"b title", "body"=>"enbb"}, "commit"=>"Create Article"}
  [1m[35m (0.1ms)[0m  [1m[36mbegin transaction[0m
  [1m[35mSQL (7.0ms)[0m  [1m[32mINSERT INTO "articles" ("title", "body", "created_at", "updated_at") VALUES (?, ?, ?, ?)[0m  [["title", "b title"], ["body", "enbb"], ["created_at", "2017-07-23 14:43:34.163101"], ["updated_at", "2017-07-23 14:43:34.163101"]]
  [1m[35m (166.9ms)[0m  [1m[36mcommit transaction[0m
Redirected to http://localhost:3000/articles/2
Completed 302 Found in 177ms (ActiveRecord: 173.9ms)


Started GET "/articles/2" for 127.0.0.1 at 2017-07-23 16:43:34 +0200
Processing by ArticlesController#show as HTML
  Parameters: {"id"=>"2"}
  [1m[36mArticle Load (0.1ms)[0m  [1m[34mSELECT  "articles".* FROM "articles" WHERE "articles"."id" = ? LIMIT ?[0m  [["id", 2], ["LIMIT", 1]]
  Rendering articles/show.html.erb within layouts/application
  Rendered articles/show.html.erb within layouts/application (0.9ms)
Completed 200 OK in 29ms (Views: 27.8ms | ActiveRecord: 0.1ms)


Started GET "/articles" for 127.0.0.1 at 2017-07-23 16:43:35 +0200
Processing by ArticlesController#index as HTML
  Rendering articles/index.html.erb within layouts/application
  [1m[36mArticle Load (0.2ms)[0m  [1m[34mSELECT "articles".* FROM "articles"[0m
  Rendered articles/index.html.erb within layouts/application (3.6ms)
Completed 200 OK in 36ms (Views: 34.8ms | ActiveRecord: 0.2ms)


Started GET "/articles/1" for 127.0.0.1 at 2017-07-23 16:43:39 +0200
Processing by ArticlesController#show as HTML
  Parameters: {"id"=>"1"}
  [1m[36mArticle Load (0.1ms)[0m  [1m[34mSELECT  "articles".* FROM "articles" WHERE "articles"."id" = ? LIMIT ?[0m  [["id", 1], ["LIMIT", 1]]
  Rendering articles/show.html.erb within layouts/application
  Rendered articles/show.html.erb within layouts/application (1.2ms)
Completed 200 OK in 31ms (Views: 29.5ms | ActiveRecord: 0.1ms)


Started DELETE "/articles/1" for 127.0.0.1 at 2017-07-23 16:43:42 +0200
Processing by ArticlesController#destroy as HTML
  Parameters: {"authenticity_token"=>"v+U/eTmzARnNBGdVvVuK3oyjNxFjDNvtK4PF5KvT8DOWw2zgjICdBv2BVqUC4VFxRI/VxyeLSroDpeZf5TmStw==", "id"=>"1"}
  [1m[36mArticle Load (0.1ms)[0m  [1m[34mSELECT  "articles".* FROM "articles" WHERE "articles"."id" = ? LIMIT ?[0m  [["id", 1], ["LIMIT", 1]]
  [1m[35m (0.0ms)[0m  [1m[36mbegin transaction[0m
  [1m[35mSQL (1.2ms)[0m  [1m[31mDELETE FROM "articles" WHERE "articles"."id" = ?[0m  [["id", 1]]
  [1m[35m (108.8ms)[0m  [1m[36mcommit transaction[0m
Redirected to http://localhost:3000/articles
Completed 302 Found in 120ms (ActiveRecord: 110.1ms)


Started GET "/articles" for 127.0.0.1 at 2017-07-23 16:43:42 +0200
Processing by ArticlesController#index as HTML
  Rendering articles/index.html.erb within layouts/application
  [1m[36mArticle Load (0.2ms)[0m  [1m[34mSELECT "articles".* FROM "articles"[0m
  Rendered articles/index.html.erb within layouts/application (1.4ms)
Completed 200 OK in 31ms (Views: 29.8ms | ActiveRecord: 0.2ms)


  [1m[35m (0.2ms)[0m  [1m[34mSELECT "schema_migrations"."version" FROM "schema_migrations" ORDER BY "schema_migrations"."version" ASC[0m
Migrating to CreateComments (20170723144603)
  [1m[35m (0.1ms)[0m  [1m[36mbegin transaction[0m
  [1m[35m (0.1ms)[0m  [1m[34mSELECT sqlite_version(*)[0m
  [1m[35m (1.3ms)[0m  [1m[35mCREATE TABLE "comments" ("id" INTEGER PRIMARY KEY AUTOINCREMENT NOT NULL, "author_name" varchar, "body" text, "article_id" integer, "created_at" datetime NOT NULL, "updated_at" datetime NOT NULL, CONSTRAINT "fk_rails_3bf61a60d3"
FOREIGN KEY ("article_id")
  REFERENCES "articles" ("id")
)[0m
  [1m[35m (0.1ms)[0m  [1m[35mCREATE  INDEX "index_comments_on_article_id" ON "comments" ("article_id")[0m
  [1m[35mSQL (0.2ms)[0m  [1m[32mINSERT INTO "schema_migrations" ("version") VALUES (?)[0m  [["version", "20170723144603"]]
  [1m[35m (177.4ms)[0m  [1m[36mcommit transaction[0m
  [1m[36mActiveRecord::InternalMetadata Load (0.2ms)[0m  [1m[34mSELECT  "ar_internal_metadata".* FROM "ar_internal_metadata" WHERE "ar_internal_metadata"."key" = ? LIMIT ?[0m  [["key", "environment"], ["LIMIT", 1]]
  [1m[35m (0.1ms)[0m  [1m[36mbegin transaction[0m
  [1m[35m (0.0ms)[0m  [1m[36mcommit transaction[0m
  [1m[35m (0.1ms)[0m  [1m[34mSELECT "schema_migrations"."version" FROM "schema_migrations" ORDER BY "schema_migrations"."version" ASC[0m
  [1m[35m (0.1ms)[0m  [1m[34m            SELECT sql
            FROM sqlite_master
            WHERE name='index_comments_on_article_id' AND type='index'
            UNION ALL
            SELECT sql
            FROM sqlite_temp_master
            WHERE name='index_comments_on_article_id' AND type='index'
[0m
  [1m[36mArticle Load (0.2ms)[0m  [1m[34mSELECT  "articles".* FROM "articles" ORDER BY "articles"."id" ASC LIMIT ?[0m  [["LIMIT", 1]]
Started GET "/articles" for 127.0.0.1 at 2017-07-23 16:50:28 +0200
  [1m[35m (0.2ms)[0m  [1m[34mSELECT "schema_migrations"."version" FROM "schema_migrations" ORDER BY "schema_migrations"."version" ASC[0m
Processing by ArticlesController#index as HTML
  Rendering articles/index.html.erb within layouts/application
  [1m[36mArticle Load (0.2ms)[0m  [1m[34mSELECT "articles".* FROM "articles"[0m
  Rendered articles/index.html.erb within layouts/application (8.5ms)
Completed 200 OK in 269ms (Views: 252.1ms | ActiveRecord: 0.8ms)


  [1m[36mComment Load (0.1ms)[0m  [1m[34mSELECT  "comments".* FROM "comments" WHERE "comments"."article_id" = ? LIMIT ?[0m  [["article_id", 2], ["LIMIT", 11]]
  [1m[36mComment Load (0.2ms)[0m  [1m[34mSELECT "comments".* FROM "comments" WHERE "comments"."article_id" = ?[0m  [["article_id", 2]]
  [1m[35m (0.1ms)[0m  [1m[36mbegin transaction[0m
  [1m[35mSQL (0.3ms)[0m  [1m[32mINSERT INTO "comments" ("author_name", "body", "article_id", "created_at", "updated_at") VALUES (?, ?, ?, ?, ?)[0m  [["author_name", "Daffy Duck"], ["body", "I think it's boring!"], ["article_id", 2], ["created_at", "2017-07-23 14:53:43.500608"], ["updated_at", "2017-07-23 14:53:43.500608"]]
  [1m[35m (167.8ms)[0m  [1m[36mcommit transaction[0m
  [1m[35m (0.1ms)[0m  [1m[36mbegin transaction[0m
  [1m[35mSQL (0.3ms)[0m  [1m[32mINSERT INTO "comments" ("author_name", "body", "article_id", "created_at", "updated_at") VALUES (?, ?, ?, ?, ?)[0m  [["author_name", "Ai Haibara"], ["body", "Rawr !!"], ["article_id", 2], ["created_at", "2017-07-23 14:54:44.943846"], ["updated_at", "2017-07-23 14:54:44.943846"]]
  [1m[35m (73.8ms)[0m  [1m[36mcommit transaction[0m
  [1m[36mArticle Load (0.2ms)[0m  [1m[34mSELECT  "articles".* FROM "articles" WHERE "articles"."id" = ? LIMIT ?[0m  [["id", 2], ["LIMIT", 1]]
  [1m[36mComment Load (0.1ms)[0m  [1m[34mSELECT  "comments".* FROM "comments" WHERE "comments"."article_id" = ? LIMIT ?[0m  [["article_id", 2], ["LIMIT", 11]]
Started GET "/articles" for 127.0.0.1 at 2017-07-23 17:07:10 +0200
Processing by ArticlesController#index as HTML
  Rendering articles/index.html.erb within layouts/application
  [1m[36mArticle Load (0.2ms)[0m  [1m[34mSELECT "articles".* FROM "articles"[0m
  Rendered articles/index.html.erb within layouts/application (2.3ms)
Completed 200 OK in 46ms (Views: 44.5ms | ActiveRecord: 0.2ms)


Started GET "/articles/2" for 127.0.0.1 at 2017-07-23 17:07:11 +0200
Processing by ArticlesController#show as HTML
  Parameters: {"id"=>"2"}
  [1m[36mArticle Load (0.2ms)[0m  [1m[34mSELECT  "articles".* FROM "articles" WHERE "articles"."id" = ? LIMIT ?[0m  [["id", 2], ["LIMIT", 1]]
  Rendering articles/show.html.erb within layouts/application
  [1m[36mComment Load (0.2ms)[0m  [1m[34mSELECT "comments".* FROM "comments" WHERE "comments"."article_id" = ?[0m  [["article_id", 2]]
  Rendered collection of articles/_comment.html.erb [2 times] (0.5ms)
  Rendered articles/show.html.erb within layouts/application (56.1ms)
Completed 200 OK in 76ms (Views: 71.7ms | ActiveRecord: 1.0ms)


Started GET "/articles/2" for 127.0.0.1 at 2017-07-23 17:12:45 +0200
Processing by ArticlesController#show as HTML
  Parameters: {"id"=>"2"}
  [1m[36mArticle Load (0.1ms)[0m  [1m[34mSELECT  "articles".* FROM "articles" WHERE "articles"."id" = ? LIMIT ?[0m  [["id", 2], ["LIMIT", 1]]
  Rendering articles/show.html.erb within layouts/application
  [1m[36mComment Load (0.1ms)[0m  [1m[34mSELECT "comments".* FROM "comments" WHERE "comments"."article_id" = ?[0m  [["article_id", 2]]
  Rendered collection of articles/_comment.html.erb [2 times] (0.5ms)
  Rendered comments/_form.html.erb (0.3ms)
  Rendered articles/show.html.erb within layouts/application (7.7ms)
Completed 200 OK in 32ms (Views: 29.7ms | ActiveRecord: 0.3ms)


Started GET "/articles/2" for 127.0.0.1 at 2017-07-23 17:13:16 +0200
Processing by ArticlesController#show as HTML
  Parameters: {"id"=>"2"}
  [1m[36mArticle Load (0.1ms)[0m  [1m[34mSELECT  "articles".* FROM "articles" WHERE "articles"."id" = ? LIMIT ?[0m  [["id", 2], ["LIMIT", 1]]
  Rendering articles/show.html.erb within layouts/application
  [1m[36mComment Load (0.1ms)[0m  [1m[34mSELECT "comments".* FROM "comments" WHERE "comments"."article_id" = ?[0m  [["article_id", 2]]
  Rendered collection of articles/_comment.html.erb [2 times] (3.2ms)
  Rendered comments/_form.html.erb (0.3ms)
  Rendered articles/show.html.erb within layouts/application (7.7ms)
Completed 200 OK in 40ms (Views: 38.1ms | ActiveRecord: 0.2ms)


Started GET "/articles/2" for 127.0.0.1 at 2017-07-23 17:13:17 +0200
Processing by ArticlesController#show as HTML
  Parameters: {"id"=>"2"}
  [1m[36mArticle Load (0.1ms)[0m  [1m[34mSELECT  "articles".* FROM "articles" WHERE "articles"."id" = ? LIMIT ?[0m  [["id", 2], ["LIMIT", 1]]
  Rendering articles/show.html.erb within layouts/application
  [1m[36mComment Load (0.1ms)[0m  [1m[34mSELECT "comments".* FROM "comments" WHERE "comments"."article_id" = ?[0m  [["article_id", 2]]
  Rendered collection of articles/_comment.html.erb [2 times] (0.5ms)
  Rendered comments/_form.html.erb (0.3ms)
  Rendered articles/show.html.erb within layouts/application (5.3ms)
Completed 200 OK in 28ms (Views: 26.3ms | ActiveRecord: 0.2ms)


Started GET "/articles/2" for 127.0.0.1 at 2017-07-23 17:13:18 +0200
Processing by ArticlesController#show as HTML
  Parameters: {"id"=>"2"}
  [1m[36mArticle Load (0.1ms)[0m  [1m[34mSELECT  "articles".* FROM "articles" WHERE "articles"."id" = ? LIMIT ?[0m  [["id", 2], ["LIMIT", 1]]
  Rendering articles/show.html.erb within layouts/application
  [1m[36mComment Load (0.1ms)[0m  [1m[34mSELECT "comments".* FROM "comments" WHERE "comments"."article_id" = ?[0m  [["article_id", 2]]
  Rendered collection of articles/_comment.html.erb [2 times] (0.5ms)
  Rendered comments/_form.html.erb (0.3ms)
  Rendered articles/show.html.erb within layouts/application (7.0ms)
Completed 200 OK in 36ms (Views: 34.0ms | ActiveRecord: 0.2ms)


Started GET "/articles/2" for 127.0.0.1 at 2017-07-23 17:13:18 +0200
Processing by ArticlesController#show as HTML
  Parameters: {"id"=>"2"}
  [1m[36mArticle Load (0.1ms)[0m  [1m[34mSELECT  "articles".* FROM "articles" WHERE "articles"."id" = ? LIMIT ?[0m  [["id", 2], ["LIMIT", 1]]
  Rendering articles/show.html.erb within layouts/application
  [1m[36mComment Load (0.1ms)[0m  [1m[34mSELECT "comments".* FROM "comments" WHERE "comments"."article_id" = ?[0m  [["article_id", 2]]
  Rendered collection of articles/_comment.html.erb [2 times] (0.7ms)
  Rendered comments/_form.html.erb (0.3ms)
  Rendered articles/show.html.erb within layouts/application (4.8ms)
Completed 200 OK in 27ms (Views: 25.5ms | ActiveRecord: 0.3ms)


Started GET "/articles/2" for 127.0.0.1 at 2017-07-23 17:13:19 +0200
Processing by ArticlesController#show as HTML
  Parameters: {"id"=>"2"}
  [1m[36mArticle Load (0.1ms)[0m  [1m[34mSELECT  "articles".* FROM "articles" WHERE "articles"."id" = ? LIMIT ?[0m  [["id", 2], ["LIMIT", 1]]
  Rendering articles/show.html.erb within layouts/application
  [1m[36mComment Load (0.1ms)[0m  [1m[34mSELECT "comments".* FROM "comments" WHERE "comments"."article_id" = ?[0m  [["article_id", 2]]
  Rendered collection of articles/_comment.html.erb [2 times] (0.5ms)
  Rendered comments/_form.html.erb (0.3ms)
  Rendered articles/show.html.erb within layouts/application (5.9ms)
Completed 200 OK in 38ms (Views: 36.2ms | ActiveRecord: 0.3ms)


Started GET "/articles/2" for 127.0.0.1 at 2017-07-23 17:13:24 +0200
Processing by ArticlesController#show as HTML
  Parameters: {"id"=>"2"}
  [1m[36mArticle Load (0.2ms)[0m  [1m[34mSELECT  "articles".* FROM "articles" WHERE "articles"."id" = ? LIMIT ?[0m  [["id", 2], ["LIMIT", 1]]
  Rendering articles/show.html.erb within layouts/application
  [1m[36mComment Load (0.2ms)[0m  [1m[34mSELECT "comments".* FROM "comments" WHERE "comments"."article_id" = ?[0m  [["article_id", 2]]
  Rendered collection of articles/_comment.html.erb [2 times] (0.6ms)
  Rendered comments/_form.html.erb (0.4ms)
  Rendered articles/show.html.erb within layouts/application (5.3ms)
Completed 200 OK in 41ms (Views: 38.4ms | ActiveRecord: 0.3ms)


Started GET "/articles/2" for 127.0.0.1 at 2017-07-23 17:31:34 +0200
Processing by ArticlesController#show as HTML
  Parameters: {"id"=>"2"}
  [1m[36mArticle Load (0.1ms)[0m  [1m[34mSELECT  "articles".* FROM "articles" WHERE "articles"."id" = ? LIMIT ?[0m  [["id", 2], ["LIMIT", 1]]
  Rendering articles/show.html.erb within layouts/application
  [1m[36mComment Load (0.1ms)[0m  [1m[34mSELECT "comments".* FROM "comments" WHERE "comments"."article_id" = ?[0m  [["article_id", 2]]
  Rendered collection of articles/_comment.html.erb [2 times] (0.5ms)
  Rendered comments/_form.html.erb (2.4ms)
  Rendered articles/show.html.erb within layouts/application (19.9ms)
Completed 500 Internal Server Error in 33ms (ActiveRecord: 1.8ms)


  
ActionView::Template::Error (First argument in form cannot contain nil or be empty):
    1: <h3>Post a Comment</h3>
    2: 
    3: <%= form_for [ @article, @comment ] do |f| %>
    4:     <p>
    5:       <%= f.label :author_name %><br/>
    6:       <%= f.text_field :author_name %>
  
app/views/comments/_form.html.erb:3:in `_app_views_comments__form_html_erb__2488289206734508680_70284265259100'
app/views/articles/show.html.erb:9:in `_app_views_articles_show_html_erb___377875474095330101_70284266799780'
Started GET "/articles/" for 127.0.0.1 at 2017-07-23 17:31:49 +0200
Processing by ArticlesController#index as HTML
  Rendering articles/index.html.erb within layouts/application
  [1m[36mArticle Load (0.3ms)[0m  [1m[34mSELECT "articles".* FROM "articles"[0m
  Rendered articles/index.html.erb within layouts/application (1.7ms)
Completed 200 OK in 28ms (Views: 26.5ms | ActiveRecord: 0.3ms)


Started GET "/articles/2" for 127.0.0.1 at 2017-07-23 17:31:51 +0200
Processing by ArticlesController#show as HTML
  Parameters: {"id"=>"2"}
  [1m[36mArticle Load (0.1ms)[0m  [1m[34mSELECT  "articles".* FROM "articles" WHERE "articles"."id" = ? LIMIT ?[0m  [["id", 2], ["LIMIT", 1]]
  Rendering articles/show.html.erb within layouts/application
  [1m[36mComment Load (0.1ms)[0m  [1m[34mSELECT "comments".* FROM "comments" WHERE "comments"."article_id" = ?[0m  [["article_id", 2]]
  Rendered collection of articles/_comment.html.erb [2 times] (0.4ms)
  Rendered comments/_form.html.erb (2.0ms)
  Rendered articles/show.html.erb within layouts/application (6.5ms)
Completed 500 Internal Server Error in 11ms (ActiveRecord: 0.2ms)


  
ActionView::Template::Error (First argument in form cannot contain nil or be empty):
    1: <h3>Post a Comment</h3>
    2: 
    3: <%= form_for [ @article, @comment ] do |f| %>
    4:     <p>
    5:       <%= f.label :author_name %><br/>
    6:       <%= f.text_field :author_name %>
  
app/views/comments/_form.html.erb:3:in `_app_views_comments__form_html_erb__2488289206734508680_70284355380580'
app/views/articles/show.html.erb:9:in `_app_views_articles_show_html_erb___377875474095330101_70284355494720'
Started GET "/articles/" for 127.0.0.1 at 2017-07-23 17:31:54 +0200
Processing by ArticlesController#index as HTML
  Rendering articles/index.html.erb within layouts/application
  [1m[36mArticle Load (0.2ms)[0m  [1m[34mSELECT "articles".* FROM "articles"[0m
  Rendered articles/index.html.erb within layouts/application (2.2ms)
Completed 200 OK in 22ms (Views: 21.4ms | ActiveRecord: 0.2ms)


Started GET "/articles/new" for 127.0.0.1 at 2017-07-23 17:31:56 +0200
Processing by ArticlesController#new as HTML
  Rendering articles/new.html.erb within layouts/application
  Rendered articles/_form.html.erb (22.1ms)
  Rendered articles/new.html.erb within layouts/application (23.0ms)
Completed 200 OK in 41ms (Views: 39.9ms | ActiveRecord: 0.0ms)


Started POST "/articles" for 127.0.0.1 at 2017-07-23 17:32:00 +0200
Processing by ArticlesController#create as HTML
  Parameters: {"utf8"=>"✓", "authenticity_token"=>"RXzl0R5Y8fjUQfunpB8W2YZF1Cwk9NUBb3ek+FWEJ78KubMXNJo/IstV7U7rAfXn7yEk1AN5eUIKw1W+6kyQDg==", "article"=>{"title"=>"b title", "body"=>"b body"}, "commit"=>"Create Article"}
  [1m[35m (0.1ms)[0m  [1m[36mbegin transaction[0m
  [1m[35mSQL (0.3ms)[0m  [1m[32mINSERT INTO "articles" ("title", "body", "created_at", "updated_at") VALUES (?, ?, ?, ?)[0m  [["title", "b title"], ["body", "b body"], ["created_at", "2017-07-23 15:32:00.794707"], ["updated_at", "2017-07-23 15:32:00.794707"]]
  [1m[35m (163.4ms)[0m  [1m[36mcommit transaction[0m
Redirected to http://localhost:3000/articles/3
Completed 302 Found in 169ms (ActiveRecord: 163.8ms)


Started GET "/articles/3" for 127.0.0.1 at 2017-07-23 17:32:00 +0200
Processing by ArticlesController#show as HTML
  Parameters: {"id"=>"3"}
  [1m[36mArticle Load (0.1ms)[0m  [1m[34mSELECT  "articles".* FROM "articles" WHERE "articles"."id" = ? LIMIT ?[0m  [["id", 3], ["LIMIT", 1]]
  Rendering articles/show.html.erb within layouts/application
  [1m[36mComment Load (0.1ms)[0m  [1m[34mSELECT "comments".* FROM "comments" WHERE "comments"."article_id" = ?[0m  [["article_id", 3]]
  Rendered collection of articles/_comment.html.erb [0 times] (0.0ms)
  Rendered comments/_form.html.erb (1.4ms)
  Rendered articles/show.html.erb within layouts/application (4.8ms)
Completed 500 Internal Server Error in 9ms (ActiveRecord: 0.2ms)


  
ActionView::Template::Error (First argument in form cannot contain nil or be empty):
    1: <h3>Post a Comment</h3>
    2: 
    3: <%= form_for [ @article, @comment ] do |f| %>
    4:     <p>
    5:       <%= f.label :author_name %><br/>
    6:       <%= f.text_field :author_name %>
  
app/views/comments/_form.html.erb:3:in `_app_views_comments__form_html_erb__2488289206734508680_70284262645460'
app/views/articles/show.html.erb:9:in `_app_views_articles_show_html_erb___377875474095330101_70284260441140'
Started GET "/articles/3" for 127.0.0.1 at 2017-07-23 17:33:41 +0200
Processing by ArticlesController#show as HTML
  Parameters: {"id"=>"3"}
  [1m[36mArticle Load (0.1ms)[0m  [1m[34mSELECT  "articles".* FROM "articles" WHERE "articles"."id" = ? LIMIT ?[0m  [["id", 3], ["LIMIT", 1]]
  Rendering articles/show.html.erb within layouts/application
  [1m[36mComment Load (0.1ms)[0m  [1m[34mSELECT "comments".* FROM "comments" WHERE "comments"."article_id" = ?[0m  [["article_id", 3]]
  Rendered collection of articles/_comment.html.erb [0 times] (0.0ms)
  Rendered comments/_form.html.erb (1.4ms)
  Rendered articles/show.html.erb within layouts/application (7.3ms)
Completed 500 Internal Server Error in 11ms (ActiveRecord: 0.2ms)


  
ActionView::Template::Error (First argument in form cannot contain nil or be empty):
    1: <h3>Post a Comment</h3>
    2: 
    3: <%= form_for [ @article, @comment ] do |f| %>
    4:     <p>
    5:       <%= f.label :author_name %><br/>
    6:       <%= f.text_field :author_name %>
  
app/views/comments/_form.html.erb:3:in `_app_views_comments__form_html_erb__2488289206734508680_70284187390680'
app/views/articles/show.html.erb:9:in `_app_views_articles_show_html_erb___377875474095330101_70284187526700'
Started GET "/" for 127.0.0.1 at 2017-07-23 17:33:44 +0200
Processing by ArticlesController#index as HTML
  Rendering articles/index.html.erb within layouts/application
  [1m[36mArticle Load (0.2ms)[0m  [1m[34mSELECT "articles".* FROM "articles"[0m
  Rendered articles/index.html.erb within layouts/application (1.8ms)
Completed 200 OK in 26ms (Views: 24.7ms | ActiveRecord: 0.2ms)


Started GET "/" for 127.0.0.1 at 2017-07-23 17:33:47 +0200
Processing by ArticlesController#index as HTML
  Rendering articles/index.html.erb within layouts/application
  [1m[36mArticle Load (0.2ms)[0m  [1m[34mSELECT "articles".* FROM "articles"[0m
  Rendered articles/index.html.erb within layouts/application (1.4ms)
Completed 200 OK in 31ms (Views: 29.4ms | ActiveRecord: 0.2ms)


Started GET "/articles/2" for 127.0.0.1 at 2017-07-23 17:33:48 +0200
Processing by ArticlesController#show as HTML
  Parameters: {"id"=>"2"}
  [1m[36mArticle Load (0.1ms)[0m  [1m[34mSELECT  "articles".* FROM "articles" WHERE "articles"."id" = ? LIMIT ?[0m  [["id", 2], ["LIMIT", 1]]
  Rendering articles/show.html.erb within layouts/application
  [1m[36mComment Load (0.1ms)[0m  [1m[34mSELECT "comments".* FROM "comments" WHERE "comments"."article_id" = ?[0m  [["article_id", 2]]
  Rendered collection of articles/_comment.html.erb [2 times] (0.5ms)
  Rendered comments/_form.html.erb (1.4ms)
  Rendered articles/show.html.erb within layouts/application (5.8ms)
Completed 500 Internal Server Error in 9ms (ActiveRecord: 0.2ms)


  
ActionView::Template::Error (First argument in form cannot contain nil or be empty):
    1: <h3>Post a Comment</h3>
    2: 
    3: <%= form_for [ @article, @comment ] do |f| %>
    4:     <p>
    5:       <%= f.label :author_name %><br/>
    6:       <%= f.text_field :author_name %>
  
app/views/comments/_form.html.erb:3:in `_app_views_comments__form_html_erb__2488289206734508680_70284265140120'
app/views/articles/show.html.erb:9:in `_app_views_articles_show_html_erb___377875474095330101_70284265467080'
Started GET "/articles/2" for 127.0.0.1 at 2017-07-23 17:36:03 +0200
Processing by ArticlesController#show as HTML
  Parameters: {"id"=>"2"}
  [1m[36mArticle Load (0.2ms)[0m  [1m[34mSELECT  "articles".* FROM "articles" WHERE "articles"."id" = ? LIMIT ?[0m  [["id", 2], ["LIMIT", 1]]
  Rendering articles/show.html.erb within layouts/application
  [1m[36mComment Load (0.2ms)[0m  [1m[34mSELECT "comments".* FROM "comments" WHERE "comments"."article_id" = ?[0m  [["article_id", 2]]
  Rendered collection of articles/_comment.html.erb [2 times] (0.5ms)
  Rendered comments/_form.html.erb (1.4ms)
  Rendered articles/show.html.erb within layouts/application (22.6ms)
Completed 500 Internal Server Error in 39ms (ActiveRecord: 1.9ms)


  
ActionView::Template::Error (First argument in form cannot contain nil or be empty):
    1: <h3>Post a Comment</h3>
    2: 
    3: <%= form_for [ @article, @comment ] do |f| %>
    4:     <p>
    5:       <%= f.label :author_name %><br/>
    6:       <%= f.text_field :author_name %>
  
app/views/comments/_form.html.erb:3:in `_app_views_comments__form_html_erb__2488289206734508680_70284355088020'
app/views/articles/show.html.erb:9:in `_app_views_articles_show_html_erb___377875474095330101_70284187136180'
Started GET "/articles/" for 127.0.0.1 at 2017-07-23 17:36:06 +0200
Processing by ArticlesController#index as HTML
  Rendering articles/index.html.erb within layouts/application
  [1m[36mArticle Load (0.4ms)[0m  [1m[34mSELECT "articles".* FROM "articles"[0m
  Rendered articles/index.html.erb within layouts/application (1.9ms)
Completed 200 OK in 34ms (Views: 32.6ms | ActiveRecord: 0.4ms)


Started GET "/articles/2" for 127.0.0.1 at 2017-07-23 17:36:08 +0200
Processing by ArticlesController#show as HTML
  Parameters: {"id"=>"2"}
  [1m[36mArticle Load (0.1ms)[0m  [1m[34mSELECT  "articles".* FROM "articles" WHERE "articles"."id" = ? LIMIT ?[0m  [["id", 2], ["LIMIT", 1]]
  Rendering articles/show.html.erb within layouts/application
  [1m[36mComment Load (0.1ms)[0m  [1m[34mSELECT "comments".* FROM "comments" WHERE "comments"."article_id" = ?[0m  [["article_id", 2]]
  Rendered collection of articles/_comment.html.erb [2 times] (0.4ms)
  Rendered comments/_form.html.erb (1.4ms)
  Rendered articles/show.html.erb within layouts/application (6.9ms)
Completed 500 Internal Server Error in 10ms (ActiveRecord: 0.2ms)


  
ActionView::Template::Error (First argument in form cannot contain nil or be empty):
    1: <h3>Post a Comment</h3>
    2: 
    3: <%= form_for [ @article, @comment ] do |f| %>
    4:     <p>
    5:       <%= f.label :author_name %><br/>
    6:       <%= f.text_field :author_name %>
  
app/views/comments/_form.html.erb:3:in `_app_views_comments__form_html_erb__2488289206734508680_70284265279180'
app/views/articles/show.html.erb:9:in `_app_views_articles_show_html_erb___377875474095330101_70284265675620'
Started GET "/" for 127.0.0.1 at 2017-07-23 17:37:18 +0200
Processing by ArticlesController#index as HTML
  Rendering articles/index.html.erb within layouts/application
  [1m[36mArticle Load (0.2ms)[0m  [1m[34mSELECT "articles".* FROM "articles"[0m
  Rendered articles/index.html.erb within layouts/application (2.1ms)
Completed 200 OK in 44ms (Views: 43.2ms | ActiveRecord: 0.2ms)


Started GET "/articles/3" for 127.0.0.1 at 2017-07-23 17:37:20 +0200
Processing by ArticlesController#show as HTML
  Parameters: {"id"=>"3"}
  [1m[36mArticle Load (0.1ms)[0m  [1m[34mSELECT  "articles".* FROM "articles" WHERE "articles"."id" = ? LIMIT ?[0m  [["id", 3], ["LIMIT", 1]]
  Rendering articles/show.html.erb within layouts/application
  [1m[36mComment Load (0.1ms)[0m  [1m[34mSELECT "comments".* FROM "comments" WHERE "comments"."article_id" = ?[0m  [["article_id", 3]]
  Rendered collection of articles/_comment.html.erb [0 times] (0.0ms)
  Rendered comments/_form.html.erb (9.0ms)
  Rendered articles/show.html.erb within layouts/application (12.0ms)
Completed 500 Internal Server Error in 16ms (ActiveRecord: 0.2ms)


  
ActionView::Template::Error (First argument in form cannot contain nil or be empty):
    1: <h3>Post a Comment</h3>
    2: 
    3: <%= form_for [ @article, @comment ] do |f| %>
    4:     <p>
    5:       <%= f.label :author_name %><br/>
    6:       <%= f.text_field :author_name %>
  
app/views/comments/_form.html.erb:3:in `_app_views_comments__form_html_erb__2488289206734508680_70284187228480'
app/views/articles/show.html.erb:9:in `_app_views_articles_show_html_erb___377875474095330101_70284187390780'
Started GET "/articles/" for 127.0.0.1 at 2017-07-23 17:37:39 +0200
Processing by ArticlesController#index as HTML
  Rendering articles/index.html.erb within layouts/application
  [1m[36mArticle Load (0.2ms)[0m  [1m[34mSELECT "articles".* FROM "articles"[0m
  Rendered articles/index.html.erb within layouts/application (2.0ms)
Completed 200 OK in 35ms (Views: 33.8ms | ActiveRecord: 0.2ms)


Started GET "/articles/3" for 127.0.0.1 at 2017-07-23 17:37:41 +0200
Processing by ArticlesController#show as HTML
  Parameters: {"id"=>"3"}
  [1m[36mArticle Load (0.1ms)[0m  [1m[34mSELECT  "articles".* FROM "articles" WHERE "articles"."id" = ? LIMIT ?[0m  [["id", 3], ["LIMIT", 1]]
  Rendering articles/show.html.erb within layouts/application
  [1m[36mComment Load (0.1ms)[0m  [1m[34mSELECT "comments".* FROM "comments" WHERE "comments"."article_id" = ?[0m  [["article_id", 3]]
  Rendered collection of articles/_comment.html.erb [0 times] (0.0ms)
  Rendered comments/_form.html.erb (1.5ms)
  Rendered articles/show.html.erb within layouts/application (4.6ms)
Completed 500 Internal Server Error in 7ms (ActiveRecord: 0.2ms)


  
ActionView::Template::Error (First argument in form cannot contain nil or be empty):
    1: <h3>Post a Comment</h3>
    2: 
    3: <%= form_for [ @article, @comment ] do |f| %>
    4:     <p>
    5:       <%= f.label :author_name %><br/>
    6:       <%= f.text_field :author_name %>
  
app/views/comments/_form.html.erb:3:in `_app_views_comments__form_html_erb__2488289206734508680_70284266673700'
app/views/articles/show.html.erb:9:in `_app_views_articles_show_html_erb___377875474095330101_70284267030380'
Started GET "/" for 127.0.0.1 at 2017-07-23 17:38:35 +0200
Processing by ArticlesController#index as HTML
  Rendering articles/index.html.erb within layouts/application
  [1m[36mArticle Load (0.2ms)[0m  [1m[34mSELECT "articles".* FROM "articles"[0m
  Rendered articles/index.html.erb within layouts/application (2.0ms)
Completed 200 OK in 70ms (Views: 69.2ms | ActiveRecord: 0.2ms)


Started GET "/articles/new" for 127.0.0.1 at 2017-07-23 17:38:36 +0200
Processing by ArticlesController#new as HTML
  Rendering articles/new.html.erb within layouts/application
  Rendered articles/_form.html.erb (2.3ms)
  Rendered articles/new.html.erb within layouts/application (3.4ms)
Completed 200 OK in 42ms (Views: 40.6ms | ActiveRecord: 0.0ms)


Started POST "/articles" for 127.0.0.1 at 2017-07-23 17:38:38 +0200
Processing by ArticlesController#create as HTML
  Parameters: {"utf8"=>"✓", "authenticity_token"=>"feIQvvDG8v6FmdzjXcuKf5XMzLZ1rn41UNAJ0aOzDyoyJ0Z42gQ8JJqNygoS1WlB/Kg8TlIj0nY1ZPiXHHu4mw==", "article"=>{"title"=>"fef", "body"=>""}, "commit"=>"Create Article"}
  [1m[35m (0.1ms)[0m  [1m[36mbegin transaction[0m
  [1m[35mSQL (3.8ms)[0m  [1m[32mINSERT INTO "articles" ("title", "body", "created_at", "updated_at") VALUES (?, ?, ?, ?)[0m  [["title", "fef"], ["body", ""], ["created_at", "2017-07-23 15:38:38.025120"], ["updated_at", "2017-07-23 15:38:38.025120"]]
  [1m[35m (203.6ms)[0m  [1m[36mcommit transaction[0m
Redirected to http://localhost:3000/articles/4
Completed 302 Found in 210ms (ActiveRecord: 207.5ms)


Started GET "/articles/4" for 127.0.0.1 at 2017-07-23 17:38:38 +0200
Processing by ArticlesController#show as HTML
  Parameters: {"id"=>"4"}
  [1m[36mArticle Load (0.1ms)[0m  [1m[34mSELECT  "articles".* FROM "articles" WHERE "articles"."id" = ? LIMIT ?[0m  [["id", 4], ["LIMIT", 1]]
  Rendering articles/show.html.erb within layouts/application
  [1m[36mComment Load (0.1ms)[0m  [1m[34mSELECT "comments".* FROM "comments" WHERE "comments"."article_id" = ?[0m  [["article_id", 4]]
  Rendered collection of articles/_comment.html.erb [0 times] (0.0ms)
  Rendered comments/_form.html.erb (1.3ms)
  Rendered articles/show.html.erb within layouts/application (5.1ms)
Completed 500 Internal Server Error in 10ms (ActiveRecord: 0.2ms)


  
ActionView::Template::Error (First argument in form cannot contain nil or be empty):
    1: <h3>Post a Comment</h3>
    2: 
    3: <%= form_for [ @article, @comment ] do |f| %>
    4:     <p>
    5:       <%= f.label :author_name %><br/>
    6:       <%= f.text_field :author_name %>
  
app/views/comments/_form.html.erb:3:in `_app_views_comments__form_html_erb__2488289206734508680_70284490246820'
app/views/articles/show.html.erb:9:in `_app_views_articles_show_html_erb___377875474095330101_70284491466520'
Started GET "/articles/4" for 127.0.0.1 at 2017-07-23 17:43:50 +0200
Processing by ArticlesController#show as HTML
  Parameters: {"id"=>"4"}
  [1m[36mArticle Load (0.1ms)[0m  [1m[34mSELECT  "articles".* FROM "articles" WHERE "articles"."id" = ? LIMIT ?[0m  [["id", 4], ["LIMIT", 1]]
  Rendering articles/show.html.erb within layouts/application
  [1m[36mComment Load (0.1ms)[0m  [1m[34mSELECT "comments".* FROM "comments" WHERE "comments"."article_id" = ?[0m  [["article_id", 4]]
  Rendered collection of articles/_comment.html.erb [0 times] (0.0ms)
  Rendered comments/_form.html.erb (1.3ms)
  Rendered articles/show.html.erb within layouts/application (10.3ms)
Completed 500 Internal Server Error in 24ms (ActiveRecord: 1.4ms)


  
ActionView::Template::Error (First argument in form cannot contain nil or be empty):
    1: <h3>Post a Comment</h3>
    2: 
    3: <%= form_for [ @article, @comment ] do |f| %>
    4:     <p>
    5:       <%= f.label :author_name %><br/>
    6:       <%= f.text_field :author_name %>
  
app/views/comments/_form.html.erb:3:in `_app_views_comments__form_html_erb__2488289206734508680_70284356580240'
app/views/articles/show.html.erb:9:in `_app_views_articles_show_html_erb___377875474095330101_70284357016180'
Started GET "/articles/" for 127.0.0.1 at 2017-07-23 17:43:52 +0200
Processing by ArticlesController#index as HTML
  Rendering articles/index.html.erb within layouts/application
  [1m[36mArticle Load (0.2ms)[0m  [1m[34mSELECT "articles".* FROM "articles"[0m
  Rendered articles/index.html.erb within layouts/application (5.4ms)
Completed 200 OK in 107ms (Views: 106.1ms | ActiveRecord: 0.2ms)


Started GET "/articles/2" for 127.0.0.1 at 2017-07-23 17:43:54 +0200
Processing by ArticlesController#show as HTML
  Parameters: {"id"=>"2"}
  [1m[36mArticle Load (0.2ms)[0m  [1m[34mSELECT  "articles".* FROM "articles" WHERE "articles"."id" = ? LIMIT ?[0m  [["id", 2], ["LIMIT", 1]]
  Rendering articles/show.html.erb within layouts/application
  [1m[36mComment Load (0.1ms)[0m  [1m[34mSELECT "comments".* FROM "comments" WHERE "comments"."article_id" = ?[0m  [["article_id", 2]]
  Rendered collection of articles/_comment.html.erb [2 times] (0.5ms)
  Rendered comments/_form.html.erb (1.4ms)
  Rendered articles/show.html.erb within layouts/application (21.3ms)
Completed 500 Internal Server Error in 25ms (ActiveRecord: 0.7ms)


  
ActionView::Template::Error (First argument in form cannot contain nil or be empty):
    1: <h3>Post a Comment</h3>
    2: 
    3: <%= form_for [ @article, @comment ] do |f| %>
    4:     <p>
    5:       <%= f.label :author_name %><br/>
    6:       <%= f.text_field :author_name %>
  
app/views/comments/_form.html.erb:3:in `_app_views_comments__form_html_erb__2488289206734508680_70284493839500'
app/views/articles/show.html.erb:9:in `_app_views_articles_show_html_erb___377875474095330101_70284494200360'
Started GET "/articles/2" for 127.0.0.1 at 2017-07-23 17:45:13 +0200
Processing by ArticlesController#show as HTML
  Parameters: {"id"=>"2"}
  [1m[36mArticle Load (0.1ms)[0m  [1m[34mSELECT  "articles".* FROM "articles" WHERE "articles"."id" = ? LIMIT ?[0m  [["id", 2], ["LIMIT", 1]]
  Rendering articles/show.html.erb within layouts/application
  [1m[36mComment Load (0.1ms)[0m  [1m[34mSELECT "comments".* FROM "comments" WHERE "comments"."article_id" = ?[0m  [["article_id", 2]]
  Rendered collection of articles/_comment.html.erb [2 times] (0.5ms)
  Rendered comments/_form.html.erb (2.1ms)
  Rendered articles/show.html.erb within layouts/application (11.2ms)
Completed 500 Internal Server Error in 14ms (ActiveRecord: 0.2ms)


  
ActionView::Template::Error (First argument in form cannot contain nil or be empty):
    1: <h3>Post a Comment</h3>
    2: 
    3: <%= form_for [ @article, @comment ] do |f| %>
    4:     <p>
    5:       <%= f.label :author_name %><br/>
    6:       <%= f.text_field :author_name %>
  
app/views/comments/_form.html.erb:3:in `_app_views_comments__form_html_erb__2488289206734508680_70284263878360'
app/views/articles/show.html.erb:9:in `_app_views_articles_show_html_erb___377875474095330101_70284264211940'
Started GET "/articles/" for 127.0.0.1 at 2017-07-23 17:45:48 +0200
Processing by ArticlesController#index as HTML
  Rendering articles/index.html.erb within layouts/application
  [1m[36mArticle Load (0.2ms)[0m  [1m[34mSELECT "articles".* FROM "articles"[0m
  Rendered articles/index.html.erb within layouts/application (1.7ms)
Completed 200 OK in 33ms (Views: 31.8ms | ActiveRecord: 0.2ms)


Started GET "/" for 127.0.0.1 at 2017-07-23 17:45:50 +0200
Processing by ArticlesController#index as HTML
  Rendering articles/index.html.erb within layouts/application
  [1m[36mArticle Load (0.2ms)[0m  [1m[34mSELECT "articles".* FROM "articles"[0m
  Rendered articles/index.html.erb within layouts/application (1.8ms)
Completed 200 OK in 27ms (Views: 26.1ms | ActiveRecord: 0.2ms)


Started GET "/articles/new" for 127.0.0.1 at 2017-07-23 17:45:52 +0200
Processing by ArticlesController#new as HTML
  Rendering articles/new.html.erb within layouts/application
  Rendered articles/_form.html.erb (2.1ms)
  Rendered articles/new.html.erb within layouts/application (2.9ms)
Completed 200 OK in 40ms (Views: 39.3ms | ActiveRecord: 0.0ms)


Started POST "/articles" for 127.0.0.1 at 2017-07-23 17:46:01 +0200
Processing by ArticlesController#create as HTML
  Parameters: {"utf8"=>"✓", "authenticity_token"=>"tfUgv1fCPZTdMygypOyKr6a4QgN26joY9Yb43gAElkn6MHZ5fQDzTsInPtvr8mmRz9yy+1FnlluQMgmYv8wh+A==", "article"=>{"title"=>"TEST a", "body"=>" body a\r\n"}, "commit"=>"Create Article"}
  [1m[35m (0.1ms)[0m  [1m[36mbegin transaction[0m
  [1m[35mSQL (2.2ms)[0m  [1m[32mINSERT INTO "articles" ("title", "body", "created_at", "updated_at") VALUES (?, ?, ?, ?)[0m  [["title", "TEST a"], ["body", " body a\r\n"], ["created_at", "2017-07-23 15:46:01.949956"], ["updated_at", "2017-07-23 15:46:01.949956"]]
  [1m[35m (218.6ms)[0m  [1m[36mcommit transaction[0m
Redirected to http://localhost:3000/articles/5
Completed 302 Found in 225ms (ActiveRecord: 220.9ms)


Started GET "/articles/5" for 127.0.0.1 at 2017-07-23 17:46:02 +0200
Processing by ArticlesController#show as HTML
  Parameters: {"id"=>"5"}
  [1m[36mArticle Load (0.1ms)[0m  [1m[34mSELECT  "articles".* FROM "articles" WHERE "articles"."id" = ? LIMIT ?[0m  [["id", 5], ["LIMIT", 1]]
  Rendering articles/show.html.erb within layouts/application
  [1m[36mComment Load (0.1ms)[0m  [1m[34mSELECT "comments".* FROM "comments" WHERE "comments"."article_id" = ?[0m  [["article_id", 5]]
  Rendered collection of articles/_comment.html.erb [0 times] (0.0ms)
  Rendered comments/_form.html.erb (1.4ms)
  Rendered articles/show.html.erb within layouts/application (4.1ms)
Completed 500 Internal Server Error in 7ms (ActiveRecord: 0.2ms)


  
ActionView::Template::Error (First argument in form cannot contain nil or be empty):
    1: <h3>Post a Comment</h3>
    2: 
    3: <%= form_for [ @article, @comment ] do |f| %>
    4:     <p>
    5:       <%= f.label :author_name %><br/>
    6:       <%= f.text_field :author_name %>
  
app/views/comments/_form.html.erb:3:in `_app_views_comments__form_html_erb__2488289206734508680_70284187615740'
app/views/articles/show.html.erb:9:in `_app_views_articles_show_html_erb___377875474095330101_70284187742340'
Started GET "/articles/5" for 127.0.0.1 at 2017-07-23 17:57:15 +0200
Processing by ArticlesController#show as HTML
  Parameters: {"id"=>"5"}
  [1m[36mArticle Load (0.1ms)[0m  [1m[34mSELECT  "articles".* FROM "articles" WHERE "articles"."id" = ? LIMIT ?[0m  [["id", 5], ["LIMIT", 1]]
  Rendering articles/show.html.erb within layouts/application
  [1m[36mComment Load (0.3ms)[0m  [1m[34mSELECT "comments".* FROM "comments" WHERE "comments"."article_id" = ?[0m  [["article_id", 5]]
  Rendered collection of articles/_comment.html.erb [0 times] (0.0ms)
  Rendered comments/_form.html.erb (31.9ms)
  Rendered articles/show.html.erb within layouts/application (37.0ms)
Completed 200 OK in 97ms (Views: 73.9ms | ActiveRecord: 2.4ms)


Started POST "/articles/5/comments" for 127.0.0.1 at 2017-07-23 18:01:37 +0200
Processing by CommentsController#create as HTML
  Parameters: {"utf8"=>"✓", "authenticity_token"=>"+TrYU3kGA6zvLSQGmYzYoAD33DGqlCXT6WpSrZmyfF3QHIvKzDWfs9+oFfYmNgMPyNs+5+4TtITBTHEW11ge2Q==", "comment"=>{"author_name"=>"fefeaf", "body"=>"fefe"}, "commit"=>"Submit", "article_id"=>"5"}
  [1m[35m (0.1ms)[0m  [1m[36mbegin transaction[0m
  [1m[36mArticle Load (0.1ms)[0m  [1m[34mSELECT  "articles".* FROM "articles" WHERE "articles"."id" = ? LIMIT ?[0m  [["id", 5], ["LIMIT", 1]]
  [1m[35mSQL (2.8ms)[0m  [1m[32mINSERT INTO "comments" ("author_name", "body", "article_id", "created_at", "updated_at") VALUES (?, ?, ?, ?, ?)[0m  [["author_name", "fefeaf"], ["body", "fefe"], ["article_id", 5], ["created_at", "2017-07-23 16:01:37.772894"], ["updated_at", "2017-07-23 16:01:37.772894"]]
  [1m[35m (192.6ms)[0m  [1m[36mcommit transaction[0m
Redirected to http://localhost:3000/articles/5
Completed 302 Found in 203ms (ActiveRecord: 195.6ms)


Started GET "/articles/5" for 127.0.0.1 at 2017-07-23 18:01:37 +0200
Processing by ArticlesController#show as HTML
  Parameters: {"id"=>"5"}
  [1m[36mArticle Load (0.1ms)[0m  [1m[34mSELECT  "articles".* FROM "articles" WHERE "articles"."id" = ? LIMIT ?[0m  [["id", 5], ["LIMIT", 1]]
  Rendering articles/show.html.erb within layouts/application
  [1m[36mComment Load (0.1ms)[0m  [1m[34mSELECT "comments".* FROM "comments" WHERE "comments"."article_id" = ?[0m  [["article_id", 5]]
  Rendered collection of articles/_comment.html.erb [1 times] (0.5ms)
  Rendered comments/_form.html.erb (1.6ms)
  Rendered articles/show.html.erb within layouts/application (5.5ms)
Completed 200 OK in 25ms (Views: 23.7ms | ActiveRecord: 0.2ms)


Started GET "/articles/5" for 127.0.0.1 at 2017-07-23 18:02:07 +0200
Processing by ArticlesController#show as HTML
  Parameters: {"id"=>"5"}
  [1m[36mArticle Load (0.1ms)[0m  [1m[34mSELECT  "articles".* FROM "articles" WHERE "articles"."id" = ? LIMIT ?[0m  [["id", 5], ["LIMIT", 1]]
  Rendering articles/show.html.erb within layouts/application
  [1m[36mComment Load (0.2ms)[0m  [1m[34mSELECT "comments".* FROM "comments" WHERE "comments"."article_id" = ?[0m  [["article_id", 5]]
  Rendered collection of articles/_comment.html.erb [1 times] (0.5ms)
  Rendered comments/_form.html.erb (4.1ms)
  Rendered articles/show.html.erb within layouts/application (8.3ms)
Completed 200 OK in 44ms (Views: 41.8ms | ActiveRecord: 0.3ms)


Started GET "/articles/5" for 127.0.0.1 at 2017-07-23 18:02:27 +0200
Processing by ArticlesController#show as HTML
  Parameters: {"id"=>"5"}
  [1m[36mArticle Load (0.1ms)[0m  [1m[34mSELECT  "articles".* FROM "articles" WHERE "articles"."id" = ? LIMIT ?[0m  [["id", 5], ["LIMIT", 1]]
  Rendering articles/show.html.erb within layouts/application
  [1m[36mComment Load (0.3ms)[0m  [1m[34mSELECT "comments".* FROM "comments" WHERE "comments"."article_id" = ?[0m  [["article_id", 5]]
  Rendered collection of articles/_comment.html.erb [1 times] (0.4ms)
  Rendered comments/_form.html.erb (2.0ms)
  Rendered articles/show.html.erb within layouts/application (9.7ms)
Completed 200 OK in 29ms (Views: 26.7ms | ActiveRecord: 0.5ms)


Started GET "/articles/5" for 127.0.0.1 at 2017-07-23 18:02:33 +0200
Processing by ArticlesController#show as HTML
  Parameters: {"id"=>"5"}
  [1m[36mArticle Load (0.1ms)[0m  [1m[34mSELECT  "articles".* FROM "articles" WHERE "articles"."id" = ? LIMIT ?[0m  [["id", 5], ["LIMIT", 1]]
  Rendering articles/show.html.erb within layouts/application
  [1m[36mComment Load (0.1ms)[0m  [1m[34mSELECT "comments".* FROM "comments" WHERE "comments"."article_id" = ?[0m  [["article_id", 5]]
  Rendered collection of articles/_comment.html.erb [1 times] (0.4ms)
  Rendered comments/_form.html.erb (1.5ms)
  Rendered articles/show.html.erb within layouts/application (5.0ms)
Completed 200 OK in 37ms (Views: 35.3ms | ActiveRecord: 0.2ms)


Started GET "/articles/5" for 127.0.0.1 at 2017-07-23 18:02:39 +0200
Processing by ArticlesController#show as HTML
  Parameters: {"id"=>"5"}
  [1m[36mArticle Load (0.1ms)[0m  [1m[34mSELECT  "articles".* FROM "articles" WHERE "articles"."id" = ? LIMIT ?[0m  [["id", 5], ["LIMIT", 1]]
  Rendering articles/show.html.erb within layouts/application
  [1m[36mComment Load (0.1ms)[0m  [1m[34mSELECT "comments".* FROM "comments" WHERE "comments"."article_id" = ?[0m  [["article_id", 5]]
  Rendered collection of articles/_comment.html.erb [1 times] (0.4ms)
  Rendered comments/_form.html.erb (1.8ms)
  Rendered articles/show.html.erb within layouts/application (6.9ms)
Completed 200 OK in 43ms (Views: 41.2ms | ActiveRecord: 0.2ms)


Started GET "/articles/5" for 127.0.0.1 at 2017-07-23 18:02:47 +0200
Processing by ArticlesController#show as HTML
  Parameters: {"id"=>"5"}
  [1m[36mArticle Load (0.1ms)[0m  [1m[34mSELECT  "articles".* FROM "articles" WHERE "articles"."id" = ? LIMIT ?[0m  [["id", 5], ["LIMIT", 1]]
  Rendering articles/show.html.erb within layouts/application
  [1m[36mComment Load (0.1ms)[0m  [1m[34mSELECT "comments".* FROM "comments" WHERE "comments"."article_id" = ?[0m  [["article_id", 5]]
  Rendered collection of articles/_comment.html.erb [1 times] (0.5ms)
  Rendered comments/_form.html.erb (1.6ms)
  Rendered articles/show.html.erb within layouts/application (6.4ms)
Completed 200 OK in 36ms (Views: 34.2ms | ActiveRecord: 0.2ms)


Started GET "/articles/5" for 127.0.0.1 at 2017-07-23 18:02:52 +0200
Processing by ArticlesController#show as HTML
  Parameters: {"id"=>"5"}
  [1m[36mArticle Load (0.2ms)[0m  [1m[34mSELECT  "articles".* FROM "articles" WHERE "articles"."id" = ? LIMIT ?[0m  [["id", 5], ["LIMIT", 1]]
  Rendering articles/show.html.erb within layouts/application
  [1m[36mComment Load (0.1ms)[0m  [1m[34mSELECT "comments".* FROM "comments" WHERE "comments"."article_id" = ?[0m  [["article_id", 5]]
  Rendered collection of articles/_comment.html.erb [1 times] (0.4ms)
  Rendered comments/_form.html.erb (1.6ms)
  Rendered articles/show.html.erb within layouts/application (5.2ms)
Completed 200 OK in 46ms (Views: 43.3ms | ActiveRecord: 0.3ms)


Started GET "/articles/5" for 127.0.0.1 at 2017-07-23 18:04:23 +0200
Processing by ArticlesController#show as HTML
  Parameters: {"id"=>"5"}
  [1m[36mArticle Load (0.1ms)[0m  [1m[34mSELECT  "articles".* FROM "articles" WHERE "articles"."id" = ? LIMIT ?[0m  [["id", 5], ["LIMIT", 1]]
  Rendering articles/show.html.erb within layouts/application
  [1m[36mComment Load (0.1ms)[0m  [1m[34mSELECT "comments".* FROM "comments" WHERE "comments"."article_id" = ?[0m  [["article_id", 5]]
  Rendered collection of articles/_comment.html.erb [1 times] (0.4ms)
  Rendered comments/_form.html.erb (1.5ms)
  Rendered articles/show.html.erb within layouts/application (6.0ms)
Completed 200 OK in 36ms (Views: 34.4ms | ActiveRecord: 0.2ms)


Started GET "/articles/5" for 127.0.0.1 at 2017-07-23 18:04:29 +0200
Processing by ArticlesController#show as HTML
  Parameters: {"id"=>"5"}
  [1m[36mArticle Load (0.1ms)[0m  [1m[34mSELECT  "articles".* FROM "articles" WHERE "articles"."id" = ? LIMIT ?[0m  [["id", 5], ["LIMIT", 1]]
  Rendering articles/show.html.erb within layouts/application
  [1m[36mComment Load (0.1ms)[0m  [1m[34mSELECT "comments".* FROM "comments" WHERE "comments"."article_id" = ?[0m  [["article_id", 5]]
  Rendered collection of articles/_comment.html.erb [1 times] (0.4ms)
  Rendered comments/_form.html.erb (1.6ms)
  Rendered articles/show.html.erb within layouts/application (5.6ms)
Completed 200 OK in 31ms (Views: 28.9ms | ActiveRecord: 0.3ms)


Started GET "/articles/5" for 127.0.0.1 at 2017-07-23 18:04:29 +0200
Processing by ArticlesController#show as HTML
  Parameters: {"id"=>"5"}
  [1m[36mArticle Load (0.1ms)[0m  [1m[34mSELECT  "articles".* FROM "articles" WHERE "articles"."id" = ? LIMIT ?[0m  [["id", 5], ["LIMIT", 1]]
  Rendering articles/show.html.erb within layouts/application
  [1m[36mComment Load (0.1ms)[0m  [1m[34mSELECT "comments".* FROM "comments" WHERE "comments"."article_id" = ?[0m  [["article_id", 5]]
  Rendered collection of articles/_comment.html.erb [1 times] (0.4ms)
  Rendered comments/_form.html.erb (1.9ms)
  Rendered articles/show.html.erb within layouts/application (6.7ms)
Completed 200 OK in 32ms (Views: 30.0ms | ActiveRecord: 0.2ms)


Started GET "/articles/5" for 127.0.0.1 at 2017-07-23 18:04:43 +0200
Processing by ArticlesController#show as HTML
  Parameters: {"id"=>"5"}
  [1m[36mArticle Load (0.1ms)[0m  [1m[34mSELECT  "articles".* FROM "articles" WHERE "articles"."id" = ? LIMIT ?[0m  [["id", 5], ["LIMIT", 1]]
  Rendering articles/show.html.erb within layouts/application
  [1m[36mComment Load (0.1ms)[0m  [1m[34mSELECT "comments".* FROM "comments" WHERE "comments"."article_id" = ?[0m  [["article_id", 5]]
  Rendered collection of articles/_comment.html.erb [1 times] (0.4ms)
  Rendered comments/_form.html.erb (1.5ms)
  Rendered articles/show.html.erb within layouts/application (5.2ms)
Completed 200 OK in 30ms (Views: 28.6ms | ActiveRecord: 0.2ms)


Started GET "/articles/5" for 127.0.0.1 at 2017-07-23 18:04:47 +0200
Processing by ArticlesController#show as HTML
  Parameters: {"id"=>"5"}
  [1m[36mArticle Load (0.1ms)[0m  [1m[34mSELECT  "articles".* FROM "articles" WHERE "articles"."id" = ? LIMIT ?[0m  [["id", 5], ["LIMIT", 1]]
  Rendering articles/show.html.erb within layouts/application
  [1m[36mComment Load (0.1ms)[0m  [1m[34mSELECT "comments".* FROM "comments" WHERE "comments"."article_id" = ?[0m  [["article_id", 5]]
  Rendered collection of articles/_comment.html.erb [1 times] (0.5ms)
  Rendered comments/_form.html.erb (1.7ms)
  Rendered articles/show.html.erb within layouts/application (7.0ms)
Completed 200 OK in 48ms (Views: 46.3ms | ActiveRecord: 0.2ms)


Started GET "/articles/5" for 127.0.0.1 at 2017-07-23 18:04:51 +0200
Processing by ArticlesController#show as HTML
  Parameters: {"id"=>"5"}
  [1m[36mArticle Load (0.1ms)[0m  [1m[34mSELECT  "articles".* FROM "articles" WHERE "articles"."id" = ? LIMIT ?[0m  [["id", 5], ["LIMIT", 1]]
  Rendering articles/show.html.erb within layouts/application
  [1m[36mComment Load (0.1ms)[0m  [1m[34mSELECT "comments".* FROM "comments" WHERE "comments"."article_id" = ?[0m  [["article_id", 5]]
  Rendered collection of articles/_comment.html.erb [1 times] (0.4ms)
  Rendered comments/_form.html.erb (1.5ms)
  Rendered articles/show.html.erb within layouts/application (9.5ms)
Completed 200 OK in 57ms (Views: 55.6ms | ActiveRecord: 0.2ms)


Started POST "/articles/5/comments" for 127.0.0.1 at 2017-07-23 18:05:34 +0200
Processing by CommentsController#create as HTML
  Parameters: {"utf8"=>"✓", "authenticity_token"=>"pX7qQ26H6seoltl+SIStQa/mkkq2cS+axFurJJGsxU2MWLna27R22JgT6I73PnbuZ8pwnPL2vs3sfYif30anyQ==", "comment"=>{"author_name"=>"zarzer", "body"=>"azerazer"}, "commit"=>"Submit", "article_id"=>"5"}
  [1m[35m (0.1ms)[0m  [1m[36mbegin transaction[0m
  [1m[36mArticle Load (0.1ms)[0m  [1m[34mSELECT  "articles".* FROM "articles" WHERE "articles"."id" = ? LIMIT ?[0m  [["id", 5], ["LIMIT", 1]]
  [1m[35mSQL (0.8ms)[0m  [1m[32mINSERT INTO "comments" ("author_name", "body", "article_id", "created_at", "updated_at") VALUES (?, ?, ?, ?, ?)[0m  [["author_name", "zarzer"], ["body", "azerazer"], ["article_id", 5], ["created_at", "2017-07-23 16:05:34.514694"], ["updated_at", "2017-07-23 16:05:34.514694"]]
  [1m[35m (189.1ms)[0m  [1m[36mcommit transaction[0m
Redirected to http://localhost:3000/articles/5
Completed 302 Found in 195ms (ActiveRecord: 190.1ms)


Started GET "/articles/5" for 127.0.0.1 at 2017-07-23 18:05:34 +0200
Processing by ArticlesController#show as HTML
  Parameters: {"id"=>"5"}
  [1m[36mArticle Load (0.1ms)[0m  [1m[34mSELECT  "articles".* FROM "articles" WHERE "articles"."id" = ? LIMIT ?[0m  [["id", 5], ["LIMIT", 1]]
  Rendering articles/show.html.erb within layouts/application
  [1m[36mComment Load (0.1ms)[0m  [1m[34mSELECT "comments".* FROM "comments" WHERE "comments"."article_id" = ?[0m  [["article_id", 5]]
  Rendered collection of articles/_comment.html.erb [2 times] (0.4ms)
  Rendered comments/_form.html.erb (1.7ms)
  Rendered articles/show.html.erb within layouts/application (5.3ms)
Completed 200 OK in 33ms (Views: 31.5ms | ActiveRecord: 0.2ms)


Started GET "/articles/5" for 127.0.0.1 at 2017-07-23 18:06:49 +0200
Processing by ArticlesController#show as HTML
  Parameters: {"id"=>"5"}
  [1m[36mArticle Load (0.1ms)[0m  [1m[34mSELECT  "articles".* FROM "articles" WHERE "articles"."id" = ? LIMIT ?[0m  [["id", 5], ["LIMIT", 1]]
  Rendering articles/show.html.erb within layouts/application
  [1m[35m (0.2ms)[0m  [1m[34mSELECT COUNT(*) FROM "comments" WHERE "comments"."article_id" = ?[0m  [["article_id", 5]]
  [1m[36mComment Load (0.2ms)[0m  [1m[34mSELECT "comments".* FROM "comments" WHERE "comments"."article_id" = ?[0m  [["article_id", 5]]
  Rendered collection of articles/_comment.html.erb [2 times] (0.5ms)
  Rendered comments/_form.html.erb (1.8ms)
  Rendered articles/show.html.erb within layouts/application (8.4ms)
Completed 200 OK in 36ms (Views: 34.3ms | ActiveRecord: 0.5ms)


Started GET "/articles/5" for 127.0.0.1 at 2017-07-23 18:09:55 +0200
Processing by ArticlesController#show as HTML
  Parameters: {"id"=>"5"}
  [1m[36mArticle Load (0.2ms)[0m  [1m[34mSELECT  "articles".* FROM "articles" WHERE "articles"."id" = ? LIMIT ?[0m  [["id", 5], ["LIMIT", 1]]
  Rendering articles/show.html.erb within layouts/application
  [1m[35m (0.2ms)[0m  [1m[34mSELECT COUNT(*) FROM "comments" WHERE "comments"."article_id" = ?[0m  [["article_id", 5]]
  [1m[36mComment Load (0.2ms)[0m  [1m[34mSELECT "comments".* FROM "comments" WHERE "comments"."article_id" = ?[0m  [["article_id", 5]]
  Rendered collection of articles/_comment.html.erb [2 times] (0.5ms)
  Rendered comments/_form.html.erb (1.3ms)
  Rendered articles/show.html.erb within layouts/application (8.4ms)
Completed 200 OK in 45ms (Views: 42.8ms | ActiveRecord: 0.6ms)


Started GET "/articles/5" for 127.0.0.1 at 2017-07-23 18:12:07 +0200
Processing by ArticlesController#show as HTML
  Parameters: {"id"=>"5"}
  [1m[36mArticle Load (0.2ms)[0m  [1m[34mSELECT  "articles".* FROM "articles" WHERE "articles"."id" = ? LIMIT ?[0m  [["id", 5], ["LIMIT", 1]]
  Rendering articles/show.html.erb within layouts/application
  [1m[35m (0.2ms)[0m  [1m[34mSELECT COUNT(*) FROM "comments" WHERE "comments"."article_id" = ?[0m  [["article_id", 5]]
  [1m[36mComment Load (0.2ms)[0m  [1m[34mSELECT "comments".* FROM "comments" WHERE "comments"."article_id" = ?[0m  [["article_id", 5]]
  Rendered collection of articles/_comment.html.erb [2 times] (0.8ms)
  Rendered comments/_form.html.erb (1.4ms)
  Rendered articles/show.html.erb within layouts/application (7.0ms)
Completed 200 OK in 32ms (Views: 30.0ms | ActiveRecord: 0.6ms)


